-------------------------------------------------------------------------------
Test set: com.progressoft.induction.atm.ATMTest
-------------------------------------------------------------------------------
Tests run: 5, Failures: 1, Errors: 0, Skipped: 0, Time elapsed: 0.036 s <<< FAILURE! - in com.progressoft.induction.atm.ATMTest
whenWithdrawAmountLargerThanWhatInMachine_thenShouldThrowException  Time elapsed: 0.008 s  <<< FAILURE!
org.opentest4j.AssertionFailedError: Expected com.progressoft.induction.atm.exceptions.InsufficientFundsException to be thrown, but nothing was thrown.
	at com.progressoft.induction.atm.ATMTest.whenWithdrawAmountLargerThanWhatInMachine_thenShouldThrowException(ATMTest.java:39)

