<?xml version="1.0" encoding="UTF-8"?>
<testsuite xmlns:xsi="http://www.w3.org/2001/XMLSchema-instance" xsi:noNamespaceSchemaLocation="https://maven.apache.org/surefire/maven-surefire-plugin/xsd/surefire-test-report.xsd" name="com.progressoft.induction.atm.ATMTest" time="0.036" tests="5" errors="0" skipped="0" failures="1">
  <properties>
[...]
</properties>
  <testcase name="givenAccountNumberThatDoesNotExist_whenWithdraw_thenShouldThrowException" classname="com.progressoft.induction.atm.ATMTest" time="0.018"/>
  <testcase name="givenAllFundsInAccountAreWithdrwan_whenWithdraw_shouldThrowException" classname="com.progressoft.induction.atm.ATMTest" time="0.001"/>
  <testcase name="whenWithdraw_thenSumOfReceivedBanknotesShouldEqualRequestedAmount" classname="com.progressoft.induction.atm.ATMTest" time="0.002"/>
  <testcase name="whenWithdrawAmountLargerThanWhatInMachine_thenShouldThrowException" classname="com.progressoft.induction.atm.ATMTest" time="0.008">
    <failure message="Expected com.progressoft.induction.atm.exceptions.InsufficientFundsException to be thrown, but nothing was thrown." type="org.opentest4j.AssertionFailedError">org.opentest4j.AssertionFailedError: Expected com.progressoft.induction.atm.exceptions.InsufficientFundsException to be thrown, but nothing was thrown.
	at com.progressoft.induction.atm.ATMTest.whenWithdrawAmountLargerThanWhatInMachine_thenShouldThrowException(ATMTest.java:39)
</failure>
  </testcase>
  <testcase name="givenValidAccountNumber_whenWithdrawAmountLargerThanTheAccountBalance_thenShouldThrowException" classname="com.progressoft.induction.atm.ATMTest" time="0.001"/>
</testsuite>